20:41:54 E:JustUtil::SetEvent(32): LastError: 0x2. Error opening event  {611172A1-0EBC-49e8-A150-3052CE9F113A}-32-yabrowser

02:41:51 E:FileSystem::ReadFile(84): ERROR Can't open file:  C:\Users\karpus\AppData\Roaming\Yandex\vendor-specific-urlparam-yabrowser.txt

10:53:11 E:FileSystem::ReadFile(84): CRITICAL ERROR Can't open file:  C:\ProgramData\Yandex\clids-yabrowser.xml

10:53:11 E:FileSystem::ReadFile(84): CRITICAL ERROR Can't open file:  C:\ProgramData\Yandex\clids-yabrowser.xml

10:53:11 E:FileSystem::ReadFile(84): ERROR Can't open file:  C:\Users\karpus\AppData\Roaming\Yandex\vendor-specific-urlparam-yabrowser.txt

10:53:23 E:JustUtil::SetEvent(32): LastError: 0x2. Error opening event  {611172A1-0EBC-49e8-A150-3052CE9F113A}-32-yabrowser

11:50:44 E:FileSystem::ReadFile(84): CRITICAL ERROR Can't open file:  C:\ProgramData\Yandex\clids-yabrowser.xml

11:50:44 E:FileSystem::ReadFile(84): CRITICAL ERROR Can't open file:  C:\ProgramData\Yandex\clids-yabrowser.xml

11:50:44 E:FileSystem::ReadFile(84): ERROR Can't open file:  C:\Users\karpus\AppData\Roaming\Yandex\vendor-specific-urlparam-yabrowser.txt

11:50:54 E:JustUtil::SetEvent(32): LastError: 0x2. Error opening event  {611172A1-0EBC-49e8-A150-3052CE9F113A}-32-yabrowser

08:46:59 E:FileSystem::ReadFile(84): ERROR Can't open file:  C:\Users\karpus\AppData\Roaming\Yandex\vendor-specific-urlparam-yabrowser.txt

12:45:16 E:JustUtil::SetEvent(32): LastError: 0x2. Error opening event  {611172A1-0EBC-49e8-A150-3052CE9F113A}-32-yabrowser

10:25:26 E:FileSystem::ReadFile(84): CRITICAL ERROR Can't open file:  C:\ProgramData\Yandex\clids-yabrowser.xml

10:25:26 E:FileSystem::ReadFile(84): CRITICAL ERROR Can't open file:  C:\ProgramData\Yandex\clids-yabrowser.xml

10:25:26 E:FileSystem::ReadFile(84): ERROR Can't open file:  C:\Users\karpus\AppData\Roaming\Yandex\vendor-specific-urlparam-yabrowser.txt

13:24:56 E:JustUtil::SetEvent(32): LastError: 0x2. Error opening event  {611172A1-0EBC-49e8-A150-3052CE9F113A}-32-yabrowser

17:00:07 E:TBitsTransferCompletion::TWorker::Error(220): Job error code: HR= 0x80190194.

Line 7572: 22:20:53 E:installUpdate(556): Process returned error code= 0x4

08:55:05 E:FileSystem::ReadFile(84): ERROR Can't open file:  C:\Users\karpus\AppData\Roaming\Yandex\vendor-specific-urlparam-yabrowser.txt

14:54:55 E:JustUtil::SetEvent(32): LastError: 0x2. Error opening event  {611172A1-0EBC-49e8-A150-3052CE9F113A}-32-yabrowser

10:00:42 E:FileSystem::ReadFile(84): ERROR Can't open file:  C:\Users\karpus\AppData\Roaming\Yandex\vendor-specific-urlparam-yabrowser.txt

16:00:10 E:JustUtil::SetEvent(32): LastError: 0x2. Error opening event  {611172A1-0EBC-49e8-A150-3052CE9F113A}-32-yabrowser

09:00:38 E:FileSystem::ReadFile(84): ERROR Can't open file:  C:\Users\karpus\AppData\Roaming\Yandex\vendor-specific-urlparam-yabrowser.txt

14:40:18 E:FileSystem::ReadFile(84): ERROR Can't open file:  C:\Users\karpus\AppData\Roaming\Yandex\vendor-specific-urlparam-yabrowser.txt

14:40:34 E:JustUtil::SetEvent(32): LastError: 0x2. Error opening event  {611172A1-0EBC-49e8-A150-3052CE9F113A}-32-yabrowser

08:52:29 E:FileSystem::ReadFile(84): CRITICAL ERROR Can't open file:  C:\ProgramData\Yandex\clids-yabrowser.xml

08:52:29 E:FileSystem::ReadFile(84): CRITICAL ERROR Can't open file:  C:\ProgramData\Yandex\clids-yabrowser.xml

08:52:29 E:FileSystem::ReadFile(84): ERROR Can't open file:  C:\Users\karpus\AppData\Roaming\Yandex\vendor-specific-urlparam-yabrowser.txt

